Copyright 1986-2018 Xilinx, Inc. All Rights Reserved.
-----------------------------------------------------------------------------------------------------------------------------------------------------------------------
| Tool Version : Vivado v.2018.2 (win64) Build 2258646 Thu Jun 14 20:03:12 MDT 2018
| Date         : Thu Dec 10 01:26:20 2020
| Host         : LAPTOP-IIDKDF3B running 64-bit major release  (build 9200)
| Command      : report_methodology -file Key2SegDisp_methodology_drc_routed.rpt -pb Key2SegDisp_methodology_drc_routed.pb -rpx Key2SegDisp_methodology_drc_routed.rpx
| Design       : Key2SegDisp
| Device       : xc7a35tcpg236-1
| Speed File   : -1
| Design State : Routed
-----------------------------------------------------------------------------------------------------------------------------------------------------------------------

Report Methodology

Table of Contents
-----------------
1. REPORT SUMMARY
2. REPORT DETAILS

1. REPORT SUMMARY
-----------------
            Netlist: netlist
          Floorplan: design_1
      Design limits: <entire design considered>
             Max violations: <unlimited>
             Violations found: 14
+-----------+----------+-------------------------------+------------+
| Rule      | Severity | Description                   | Violations |
+-----------+----------+-------------------------------+------------+
| TIMING-18 | Warning  | Missing input or output delay | 14         |
+-----------+----------+-------------------------------+------------+

2. REPORT DETAILS
-----------------
TIMING-18#1 Warning
Missing input or output delay  
An input delay is missing on PS2_CLOCK relative to clock(s) GCLK
Related violations: <none>

TIMING-18#2 Warning
Missing input or output delay  
An input delay is missing on PS2_DATA relative to clock(s) GCLK
Related violations: <none>

TIMING-18#3 Warning
Missing input or output delay  
An input delay is missing on RESET relative to clock(s) GCLK
Related violations: <none>

TIMING-18#4 Warning
Missing input or output delay  
An output delay is missing on DIGIT[0] relative to clock(s) GCLK
Related violations: <none>

TIMING-18#5 Warning
Missing input or output delay  
An output delay is missing on DIGIT[1] relative to clock(s) GCLK
Related violations: <none>

TIMING-18#6 Warning
Missing input or output delay  
An output delay is missing on DIGIT[2] relative to clock(s) GCLK
Related violations: <none>

TIMING-18#7 Warning
Missing input or output delay  
An output delay is missing on DIGIT[3] relative to clock(s) GCLK
Related violations: <none>

TIMING-18#8 Warning
Missing input or output delay  
An output delay is missing on SEGMENT[0] relative to clock(s) GCLK
Related violations: <none>

TIMING-18#9 Warning
Missing input or output delay  
An output delay is missing on SEGMENT[1] relative to clock(s) GCLK
Related violations: <none>

TIMING-18#10 Warning
Missing input or output delay  
An output delay is missing on SEGMENT[2] relative to clock(s) GCLK
Related violations: <none>

TIMING-18#11 Warning
Missing input or output delay  
An output delay is missing on SEGMENT[3] relative to clock(s) GCLK
Related violations: <none>

TIMING-18#12 Warning
Missing input or output delay  
An output delay is missing on SEGMENT[4] relative to clock(s) GCLK
Related violations: <none>

TIMING-18#13 Warning
Missing input or output delay  
An output delay is missing on SEGMENT[5] relative to clock(s) GCLK
Related violations: <none>

TIMING-18#14 Warning
Missing input or output delay  
An output delay is missing on SEGMENT[6] relative to clock(s) GCLK
Related violations: <none>


