Copyright 1986-2018 Xilinx, Inc. All Rights Reserved.
----------------------------------------------------------------------------------------
| Tool Version : Vivado v.2018.2 (win64) Build 2258646 Thu Jun 14 20:03:12 MDT 2018
| Date         : Thu Dec 10 01:25:52 2020
| Host         : LAPTOP-IIDKDF3B running 64-bit major release  (build 9200)
| Command      : report_control_sets -verbose -file Key2SegDisp_control_sets_placed.rpt
| Design       : Key2SegDisp
| Device       : xc7a35t
----------------------------------------------------------------------------------------

Control Set Information

Table of Contents
-----------------
1. Summary
2. Histogram
3. Flip-Flop Distribution
4. Detailed Control Set Information

1. Summary
----------

+----------------------------------------------------------+-------+
|                          Status                          | Count |
+----------------------------------------------------------+-------+
| Number of unique control sets                            |     5 |
| Unused register locations in slices containing registers |    14 |
+----------------------------------------------------------+-------+


2. Histogram
------------

+--------+--------------+
| Fanout | Control Sets |
+--------+--------------+
|      8 |            1 |
|    16+ |            4 |
+--------+--------------+


3. Flip-Flop Distribution
-------------------------

+--------------+-----------------------+------------------------+-----------------+--------------+
| Clock Enable | Synchronous Set/Reset | Asynchronous Set/Reset | Total Registers | Total Slices |
+--------------+-----------------------+------------------------+-----------------+--------------+
| No           | No                    | No                     |              18 |            3 |
| No           | No                    | Yes                    |               0 |            0 |
| No           | Yes                   | No                     |              46 |            7 |
| Yes          | No                    | No                     |               0 |            0 |
| Yes          | No                    | Yes                    |               0 |            0 |
| Yes          | Yes                   | No                     |              82 |           13 |
+--------------+-----------------------+------------------------+-----------------+--------------+


4. Detailed Control Set Information
-----------------------------------

+-----------------+-----------------------------------------------------------+---------------------------------------+------------------+----------------+
|   Clock Signal  |                       Enable Signal                       |            Set/Reset Signal           | Slice Load Count | Bel Load Count |
+-----------------+-----------------------------------------------------------+---------------------------------------+------------------+----------------+
|  GCLK_IBUF_BUFG | KEYBOARD_INST/KEYBOARD_CONTROLLER_INST/COUNTER[3]_i_2_n_0 | KEYBOARD_INST/PS2_CLK_SYNC_INST/SS[0] |                1 |              8 |
|  GCLK_IBUF_BUFG |                                                           |                                       |                3 |             18 |
|  GCLK_IBUF_BUFG | KEYBOARD_INST/KEYBOARD_CONTROLLER_INST/D[0]               | RESET_SYNC_INST/K2SD_RESET            |                2 |             18 |
|  GCLK_IBUF_BUFG |                                                           | RESET_SYNC_INST/K2SD_RESET            |                7 |             46 |
|  GCLK_IBUF_BUFG | KEYBOARD_INST/KEYBOARD_CONTROLLER_INST/E[0]               | KEYBOARD_INST/KEYBOARD_DP_INST/SR[0]  |               10 |             56 |
+-----------------+-----------------------------------------------------------+---------------------------------------+------------------+----------------+


